C O R R E C T I O N S      o f      w e b M C T e s t
 
guiou.kobayashi@ufabc.edu.br  ,  2019-11-01  16:32:07.145116 
Pag,ID,Resp,Quest,Inv,Nota,1,2,3,4,5,6,7,8,9,10,11,12,13,14,15,16,17,18,1,2,3,4,5,6,7,8,9,10,11,12,13,14,15,16,17,18
1,11030416,5,18,0,9 , D/A,C,C/E,E/C,E,D,E,A/B,B/D,E,D,D/A,A/E,D/C,D/C,C,A,A , 125004312,127724013,125731420,127313024,127113420,125924301,125321430,126820314,128641203,127941320,128134102,127803142,128424130,128241032,128332014,126214023,128804123,126302134
2,11043215,5,18,0,5 , B/C,D/B,C/E,A/E,A/E,D,E/C,A/B,D/B,E/A,D,E/A,C/D,B/E,C,D,D,C/D , 128523014,126210234,125624130,127313240,128114320,126131204,126731042,127110432,124740132,125101342,127734201,127804123,126443201,128743210,126332041,126621304,128824301,127931402
3,11201720136,5,18,0,9 , A,B/D,B,A,A/B,E/A,C,C/E,A/B,C/A,B,A,E/D,A/C,D/C,A,A,B , 126601342,128512403,127340213,125301234,125720341,126004312,127843012,128324310,124710324,127603124,128730421,127903214,127013204,126413042,127132014,128802134,126203214,128230142
4,11201810390,5,18,0,7 , C/E,A,C/B,A/B,D,D,B,E/A,A/C,C,A,D/A,E/B,B/D,E/B,B/D,E,E/C , 125712430,126604213,126230412,124910342,126034102,127921403,128740231,127402431,128141023,127313042,128201423,127004312,127120341,125243102,128840231,127843102,128521340,128341023
5 , ERROR
6,21001116,5,18,0,8 , D/E,C/E,C/D,E/A,D,C/A,E,C,D,D/C,A/C,D,C/A,C,D,D/C,E,E/D , 125721340,126241320,128242103,128301342,125342103,124704132,128414320,126323014,128624301,128021034,126912034,126032401,127302341,126512043,126421304,127132014,127643120,128832104
7,21055813,5,18,0,11 , A/B,E/B,A,D,B/C,E,B,C,D,A/C,C,E,E,B/C,E,A,D/C,A/C , 128010234,126720413,127603214,126112403,125721043,128831420,128410324,125042013,126312403,127241032,126434012,125221430,128632410,128313042,127112340,126601243,128243021,126231024
8,11201722112,5,18,0,7 , B,D/A,D/B,E/D,D/A,E/A,B,A,D/C,D/C,D/E,A,A/C,A,A,A/C,C/A,C , 125810342,126503214,125720413,124742103,128704123,126904312,126310234,127102134,128212043,127921034,127812430,127602143,128814023,126404213,126204123,128534012,127202143,125143012
9,11201720792,5,18,0,14 , A,C,A,C/A,E,B,D,E,A/B,E,E,B,C,C,E,A,B/E,C/B , 125802143,125543012,127201234,124804312,127742310,128220314,126632104,125241230,126910423,128021430,128634210,128440321,126213024,126442031,126331240,128103214,127813420,128340312
10,11201720392,5,18,0,8 , B/D,D/C,B,A/E,C/B,E,D/C,B,E,A/D,E/D,E,C,E/A,C,B/C,D/E,D , 127032104,127523041,128510324,125413420,127140132,128741320,125232014,125030412,126142130,128323401,127243201,128231240,126534021,127803412,128114023,128841032,127921340,126414203
11,11201722589,5,18,0,8 , E/D,D/B,E/C,C/D,D/C,D,E/B,C/E,E,C/B,D,C,B/D,B,A,D/B,C,B , 128742301,125920341,125643012,124931204,127113042,126634102,127240321,127013420,128014230,128530241,126234201,127514032,125124103,126440213,128202341,127830214,126343012,128140321
12,11201722152,5,18,0,12 , A,C/E,E,D,D/A,E,E/A,B,C/B,B,A,B,D,E,E/D,B,A,E/A , 125103412,128441230,128623140,127943201,127203142,126223410,126904231,127730214,128840132,126040123,124904132,126330421,127132104,126531240,128223104,126430421,125602143,127801423
13,11201722146,5,18,0,8 , A/B,E,B,E/A,D/B,A/E,E/B,B/C,B,B/C,C,A,E,D/E,D,A,C/A,A/C , 125440312,128423140,125010324,125303241,128330241,128242310,126540132,127141032,128840321,126142031,127714032,128003241,126441230,127831240,127334102,126304312,128602341,126813042
14,11201721514,5,18,0,8 , E,A/B,B,A/B,C,C/B,D,E/A,C,E/B,A/E,C/A,C,C/B,B/D,C,C,A/E , 127724130,124920143,126010342,128040213,126641032,128640213,128441302,127804213,126941032,125610342,128842310,126201432,128123041,127220134,125241302,128241023,127131042,128334210
15,11201922342,5,18,0,9 , E/D,C,A/B,E,C/B,C/E,D/C,B,E,B/D,A/D,E,C,C/A,C,B/C,E,D , 127032104,127523041,128510324,125413420,127140132,128741320,125232014,125030412,126142130,128323401,127243201,128231240,126534021,127803412,128114023,128841032,127921340,126414203
16 , ERROR
17,11114215,5,18,0,4 , A/B,B/A,A/C,E,B/C,B/D,C/D,B/C,A/E,D/C,E/C,D,C/A,D,A,E/B,B/D,E/D , 127210342,125302413,126121034,128532410,128313042,127723104,125724301,124743021,127913420,126443012,127841023,128124301,126904132,126512304,126302314,128230421,128821304,128641203
18,11201721661,5,18,0,6 , B,D/B,D/C,B/E,B/E,D,E/C,B,C/E,A/E,D/C,D/E,C/A,D,C/A,A/C,A,B , 125540231,128810243,127242013,128323140,126743120,125924103,127842013,126540231,128621340,124823140,128513024,127724130,127103124,125142301,128101324,126212034,128002341,126330412
19,11038416,5,18,0,9 , D,B/E,A,E/A,E,E/D,E/D,A,A/D,D,C,B,D/C,D/B,E/C,E/D,D,A , 128443102,127231240,126504231,125801342,125312430,127132401,128034201,124702431,128813402,126741302,128642031,127620413,127841032,125740321,126443021,126234102,126312403,128102413
20,11055715,5,18,0,8 , B,C,D/E,E/D,E,B/A,C/A,E/A,C,A,E/B,C,D/C,A/D,B,D,A/D,B/E , 127730142,128843021,128443120,126424301,124732140,126901234,128001432,128703241,126234012,126601423,125810243,127324013,127113024,125321304,125410243,127824103,128113402,128323410
21,11201722051,5,18,0,10 , E/B,D/E,C/A,D/B,C,C,A,A,A,B/A,C,B,E/C,A,A/C,C,B,D/A , 124830412,128634120,127004321,127840231,126412034,127643012,125303421,128802413,128102341,127201234,126332041,125830124,125431024,128203214,127141032,126614023,126220431,128503412
22,11118316,5,18,0,11 , D,B,D/C,D,A/C,D,E/B,B/E,E,C/B,A/D,C,D,B,A,A/B,C,B , 128742301,125920341,125643012,124931204,127113042,126634102,127240321,127013420,128014230,128530241,126234201,127514032,125124103,126440213,128202341,127830214,126343012,128140321
23,11201822483,5,18,0,8 , E/B,A,D/B,E/D,A,E/A,B,B/A,D/C,C,D/E,A,C,A,E/A,E/C,A,A/C , 125810342,126503214,125720413,124742103,128704123,126904312,126310234,127102134,128212043,127921034,127812430,127602143,128814023,126404213,126204123,128534012,127202143,125143012
24,21028116,5,18,0,12 , C,D,B/C,A,C/D,B/C,B,D,A,C,A,B,B,E,C/E,E/A,E/A,E , 126923014,124934201,125334021,126203241,125813204,127541032,127930241,128532104,126402431,126512034,126302134,128630421,127330142,128132410,125524130,127801423,128202431,128831240
25,11201721592,5,18,0,11 , D/E,D,E/B,D/E,A/C,B,D,B/A,E,E,A,E,A,A,C,E/D,E,E/C , 128231420,126312403,125340231,126813420,128332041,127510324,128023104,126102341,128614230,125031240,128102314,126621340,126404132,126202143,128842031,125612403,127224130,128413024
26,11105915,5,18,0,12 , B,B/A,B/C,E,C/A,D/B,E,A,C,A,C/D,A/B,A,A,C,A,B,C , 126220143,126903241,124832041,127621430,128801432,127310243,125334120,125903241,128723014,128202413,127843102,127120341,126503214,128302341,125724013,128004132,128530142,126313042
27 , ERROR
28,11076516,5,18,0,8 , C,E/B,C,E/C,B/C,D,D/B,C,D/E,B/C,B/A,E,D/A,D,C/D,D,D,E/B , 128412043,126210423,127713024,125514023,124932041,128731402,125140132,127213024,128234210,127032041,126002143,128041320,127102314,126542103,128132401,128814203,126332401,128330421
29,11201720912,5,18,0,12 , B/E,B,D,A,B,D,D,B,D/C,D,D/A,C/A,B,B,A,E,A/C,B/C , 128514320,127430241,128714302,125504123,126310234,127314302,126141203,128110423,124742013,126643201,127104312,125202134,128830421,127930421,127801432,126442130,128332014,127034012
30,11068616,5,18,0,11 , A,C/B,C,D/C,A/D,D/E,D,E,A,E,A,D/E,C,E,D,A/B,C,E/B , 125302413,128540213,127134021,126824013,124934201,127624130,127323104,125631240,128704231,128112340,126302341,127824130,126034012,128814320,126613402,128310432,126441023,128020431
31,21026515,5,18,0,5 , D/A,B/D,A/C,A/B,E/B,E/C,A/C,C,A/E,B/E,B,A/D,C,A/B,E/B,E/B,D,D , 128104132,128521304,124821043,125130241,125720134,126432041,127023014,127214032,127832140,126112430,128230412,127514203,126212034,128620314,127140321,126510324,127914302,126341302
32,11076916,5,18,0,7 , E/C,E,D,A,C,D,C/B,A/E,E/B,A/E,D/B,E,B/A,D,E/C,A/B,C/B,B/A , 126724013,128641320,126413204,128002341,126121043,127534102,125620134,128214320,128340123,128834120,128530214,126213240,124802134,127242301,127834021,126610432,127120134,125301423
33 , ERROR
34,11201722043,5,18,0,11 , C/B,A,C,E,B/C,B/D,E/D,C,E,C,C,A/D,D/A,D,A,B,D,C/D , 127210342,125302413,126121034,128532410,128313042,127723104,125724301,124743021,127913420,126443012,127841023,128124301,126904132,126512304,126302314,128230421,128821304,128641203
35,11201721285,5,18,0,8 , E/A,E/B,C/A,D/E,A/E,D,D,A/C,B,B/C,A/C,E,E,A/B,C/A,D,E,C , 126604312,127130241,128802143,127814230,125743120,127913402,125843102,124741023,128410432,127321043,127731042,126232140,128113240,128730214,126703241,126443102,126334120,125134021
36,11201721076,5,18,0,10 , C,C,B/C,D,A/B,E/A,A/B,A/D,E,A,C/B,D,B,D,B,D,C/D,B/D , 125812043,127712034,127341032,127934201,124820413,127102341,125610243,126723401,125242310,128203241,128310234,126423104,126630214,126221403,126310243,128824301,127823401,128412304
37,11201721899,5,18,0,8 , E/A,B,A,C/A,C/B,B,B,D/E,E/B,A/D,D,A,C/A,B/E,B,A/B,B/C,D , 127002134,127440231,126104132,128704312,127920341,126510243,126410423,124934120,128240123,127114203,125442301,127302341,128401423,128343120,125140312,127840312,126224031,126321304
38,11201722317,5,18,0,8 , A/D,C/D,D,B,A/C,A/C,B/C,A/C,B,D/B,D/A,C,E,C,E/B,E,B,B/A , 127041203,127342103,126121304,127530142,125312034,125723014,126612043,128814023,128330142,128210324,127803214,126421043,128134210,126314023,125040231,128424310,128710234,127102134
39,11201723059,5,18,0,9 , A/B,B,C,D,A,A/E,D/C,C/D,D/C,E/D,A,B,D/A,B/A,A,D/B,E,B , 127930124,125630142,126432041,125831402,125003142,127313420,126714023,127413402,125113024,126221403,126303142,128710243,127802431,128202413,128401432,127120413,126542310,128110234
40 , ERROR
41,11201721679,5,18,0,9 , A,E,E,D,C/A,B/E,B/A,A/B,C/B,B,A,B,A/D,E,D,E/B,C/A,C/A , 125103412,128441230,128623140,127943201,127203142,126223410,126904231,127730214,128840132,126040123,124904132,126330421,127132104,126531240,128223104,126430421,125602143,127801423
42,11201722251,5,18,0,10 , E,D,E/B,A/E,A/C,B,D,A,C/E,C/E,A,A/E,E/A,A,C,B/D,E,C , 128231420,126312403,125340231,126813420,128332041,127510324,128023104,126102341,128614230,125031240,128102314,126621340,126404132,126202143,128842031,125612403,127224130,128413024
43,11030616,5,18,0,8 , D,C/D,B/D,B/A,D/B,B,A,C/D,D,D/B,D/A,C/A,E/B,D,B,B,C,C/B , 127423104,128523104,128814302,125103214,128040312,126140231,126403124,128343102,127131402,124910243,126904123,125601234,127840321,126234201,126310234,126510432,127312043,128240213
44,11201722038,5,18,0,3 , C/E,A/E,A/C,E/A,E/D,B/A,C/B,D/C,B/A,B/A,E/D,E,D,A/C,B/C,D/A,D/B,C , 126331240,128321340,128432041,127804312,126234102,127403124,125910432,128721034,125603412,126602431,128114302,126821340,125124301,124913042,127934012,127304132,128820431,128234021
45,11078714,5,18,0,13 , C,D,E/C,A,A/E,B,A,B,E,E,E/B,B,B,D,A/E,E/A,D,D , 125624031,126124103,126234012,124801432,126913420,126330142,127901432,128520134,125332410,128831420,128710432,128240132,127230142,127541203,127823410,128301324,126641203,126441302
46,11201721639,5,18,0,8 , A/B,C,A/B,B,E,A/C,E,C/E,B/D,B/D,A,C/B,E/D,C/D,A,E,E/C,B , 126710243,126124013,125420143,126430142,125334120,128714032,128442130,127542130,126621304,125021403,127103421,128220134,128324103,127224103,126201243,127943120,127834012,126320314
47,11201721122,5,18,0,8 , E,B,A/D,A,E,D/B,B/A,B/A,C/B,A,E/A,B,E/C,E/C,A,A/B,E,A/C , 126431420,126240312,125312304,127703124,128112430,126830142,125802314,127803241,127330124,126302143,125603142,126610243,128832014,128542013,124904312,128030142,128612340,128342013
48,13201723221,5,18,0,7 , A/B,D/A,C/E,A,B,C/A,E/B,E,A,E/A,A,B/A,B/A,E/A,B/D,C,C/D,E , 126240123,124802134,126623140,127103142,128840132,126902143,125620341,127912430,126302431,128401342,125303241,125802431,127703214,127801342,128323401,128621034,127221403,128242310
49,11003216,5,18,0,6 , D/C,B,B/C,C,B/C,E/D,B,A/C,E,D/C,D/A,C/E,D/A,C/D,D,A/D,D,E/B , 128412043,126210423,127713024,125514023,124932041,128731402,125140132,127213024,128234210,127032041,126002143,128041320,127102314,126542103,128132401,128814203,126332401,128330421
50,11201720112,5,18,0,8 , A/C,B/D,B,E/A,E,A,B/A,C,E/B,A,C/A,E,B/C,C/D,A/C,E/C,B,C , 128732041,128512304,125940132,126403412,126214320,125204312,127201243,127941032,125540132,128104123,126801423,127432140,126632041,124742301,128334012,128212034,127110432,127841023
51,21074516,5,18,0,5 , E/B,D,B,C,E,D/C,B/A,D/A,D/A,D/A,C/A,D/A,A/B,B/C,B/C,A/E,C,E/B , 127440123,125113204,126540213,127843012,126124130,125541032,128504321,128303214,127102143,125001324,128104132,126902431,128810432,127921034,127341023,128631420,128234012,126240213
52,11040816,5,18,0,8 , E,C,A,A,A/C,C/D,D/E,B/C,C/A,E/D,C,B/D,E/A,E,C/B,A,B,C/A , 126541230,124941023,126402134,127702431,125312034,127832104,125632410,127024031,128101342,125813402,128642013,127231402,127903124,126343120,128410243,128301324,128820134,126203412
53,11201721754,5,18,0,11 , E,C/E,C,D,A,C,A/C,A/C,E/B,B/D,C,E,A/E,D,D,D/C,C,D , 126514320,126814320,126032014,125032104,127202143,128612034,125623041,128521043,127630421,127823104,127912034,125321340,128342130,128814302,128112304,127134012,126334021,126424301
54,21045116,5,18,0,5 , E/B,C/A,C,D/E,D/A,A/B,E,D/A,C,A,C/D,E/B,E/A,C/A,B/C,C/A,A/B,C , 126220143,126903241,124832041,127621430,128801432,127310243,125334120,125903241,128723014,128202413,127843102,127120341,126503214,128302341,125724013,128004132,128530142,126313042
55,11201720790,5,18,0,12 , B,B,C,B/E,B/E,E/D,E/C,B,E,C/E,C,E,A,D,A,C,C/A,B , 125540231,128810243,127242013,128323140,126743120,125924103,127842013,126540231,128621340,124823140,128513024,127724130,127103124,125142301,128101324,126212034,128002341,126330412
56,11011716,5,18,0,8 , B,A/C,D/B,B,D/E,A/C,A/E,E,D,D,A,E/B,E/D,C/D,E/A,A/E,C,B , 126710243,126124013,125420143,126430142,125334120,128714032,128442130,127542130,126621304,125021403,127103421,128220134,128324103,127224103,126201243,127943120,127834012,126320314
57,11012115,5,18,0,4 , E,D/E,D/C,E/A,B/D,C/A,C/B,B/C,A,A,A/D,B/E,A/D,C,D/C,C/A,E/B,A/C , 126331240,128321340,128432041,127804312,126234102,127403124,125910432,128721034,125603412,126602431,128114302,126821340,125124301,124913042,127934012,127304132,128820431,128234021
58,21050013,5,18,0,8 , D/C,D/C,C,B/D,B,A,E/B,A/D,E,A,D/B,C/D,C/B,D,B,B/D,D,B/D , 125812043,127712034,127341032,127934201,124820413,127102341,125610243,126723401,125242310,128203241,128310234,126423104,126630214,126221403,126310243,128824301,127823401,128412304
59,11025215,5,18,0,4 , B/E,C/E,E/D,B/A,C/D,B/A,B/E,C,D,D/C,D/C,D,D/A,E/C,B/D,C,C/E,E/D , 125721340,126241320,128242103,128301342,125342103,124704132,128414320,126323014,128624301,128021034,126912034,126032401,127302341,126512043,126421304,127132014,127643120,128832104
60,11013815,5,18,0,5 , B/A,C/B,A,D/E,E,B/D,D,D/C,A/B,B/C,A/C,A/E,C/E,D/B,C/A,C/D,E,C , 126604312,127130241,128802143,127814230,125743120,127913402,125843102,124741023,128410432,127321043,127731042,126232140,128113240,128730214,126703241,126443102,126334120,125134021
61,11081816,5,18,0,10 , C,C,A/D,C,E,D/C,A/B,C,D/C,A,C,D/B,E,B/A,A/D,D,E,A/E , 124914032,128614023,126942103,125932041,127412430,127223014,127840132,128234021,125641023,128004321,126541032,127140213,125112430,128303142,128843201,126414302,126343210,128134120
62,11201722126,5,18,0,8 , B,A/D,E/B,E/B,A,A/D,D,D,C,B/D,D/C,B,D,B/D,E/A,D/E,E/A,C , 128240213,126713204,127620341,124920431,125401234,126021304,126534201,125312304,126332014,126213204,127821034,127230124,128131402,128034201,128302134,126423410,127103412,128814032
63 , ERROR
64,11005716,5,18,0,7 , D,D,B/D,A,E/B,A/B,A,C/D,B/D,A/B,D/A,C/A,C/B,D,B,D/B,C,C/B , 127423104,128523104,128814302,125103214,128040312,126140231,126403124,128343102,127131402,124910243,126904123,125601234,127840321,126234201,126310234,126510432,127312043,128240213
65,21073415,5,18,0,5 , A/D,C,A/B,B/A,D/A,B/C,D/E,E,B/C,E/D,E,E,D/C,E,A/E,C/A,D/B,D/E , 128121304,126113042,125740132,127004132,127902413,128323014,128842310,125223140,126231042,126434201,126641320,127421340,124723014,126312340,128241320,127102143,127810234,128743210
66 , ERROR
67,11000516,5,18,0,13 , D,D,A/D,A,B,B,A,B/D,B/D,B,D/A,A,B,C/D,B,B,C,B , 127423104,128523104,128814302,125103214,128040312,126140231,126403124,128343102,127131402,124910243,126904123,125601234,127840321,126234201,126310234,126510432,127312043,128240213
68,11110415,5,18,0,8 , C/D,E,D/B,E/A,A,C/E,A/C,C,E,C,B/C,E/B,C/B,B,D/E,A,D/B,E , 128832401,125331240,127530214,127801423,128604231,128534120,126414023,125932041,125443210,127142031,124913042,127240231,128120413,126610432,126832410,128202134,128340321,126343210
69,11201722860,5,18,0,9 , C,B,C/E,A/E,E,D,E/C,E/B,B,A,A/D,C/A,E/D,C/E,C,B/D,D,D , 128523014,126210234,125624130,127313240,128114320,126131204,126731042,127110432,124740132,125101342,127734201,127804123,126443201,128743210,126332041,126621304,128824301,127931402
70,11005014,5,18,0,12 , A,C,B/A,A,E,B,C/D,B/E,B,B/E,E,B,C,C,E,A,D/E,D/B , 125802143,125543012,127201234,124804312,127742310,128220314,126632104,125241230,126910423,128021430,128634210,128440321,126213024,126442031,126331240,128103214,127813420,128340312
71,21026016,5,18,0,8 , B/E,D/E,C,D,A,C,E/C,B/C,E/B,B/D,B/C,B/E,C/E,D,D,D/C,C,D , 126514320,126814320,126032014,125032104,127202143,128612034,125623041,128521043,127630421,127823104,127912034,125321340,128342130,128814302,128112304,127134012,126334021,126424301
72,11035814,5,18,0,6 , D/C,B/E,D,D/A,C,A/D,C/B,E,D/B,D/E,B,E,B/A,A/D,B/C,E/B,E/B,A , 126724013,128641320,126413204,128002341,126121043,127534102,125620134,128214320,128340123,128834120,128530214,126213240,124802134,127242301,127834021,126610432,127120134,125301423
73,11201720030,5,18,16,0 , A/E,0/D,0/D,0/C,0/D,0/D,0/E,0/E,0/E,0/D,0/D,0/E,0/E,0/E,0/D,0/C,0/E,A/C , 126731240,127741302,126224301,124914032,125723401,126542301,128814320,125914230,127324130,128634201,125113402,126331420,128124130,126424130,127113204,128012043,127823140,128234012
74,11004013,5,18,18,0 , 2/D,0/B,0/C,0/D,0/C,0/D,0/B,0/E,0/E,0/B,0/D,0/C,0/D,0/B,0/A,0/B,0/C,2/B , 128742301,125920341,125643012,124931204,127113042,126634102,127240321,127013420,128014230,128530241,126234201,127514032,125124103,126440213,128202341,127830214,126343012,128140321
75 , ERROR
76,11109215,5,18,16,0 , A/E,0/E,0/C,0/A,0/D,0/A,0/B,0/C,0/A,0/A,0/D,0/E,0/D,0/C,0/C,0/A,0/B,A/C , 126331240,128321340,128432041,127804312,126234102,127403124,125910432,128721034,125603412,126602431,128114302,126821340,125124301,124913042,127934012,127304132,128820431,128234021
77,21058214,5,18,18,0 , 2/D,0/A,0/D,0/A,0/E,0/B,0/D,0/C,0/E,0/A,0/A,0/C,0/D,0/C,0/C,0/C,0/C,2/D , 125713204,127801432,124713204,127402431,127134120,126620134,128221304,126743021,128412430,125103421,127903241,127213042,128341203,126321043,128712043,125931042,128824013,128143102
78,21005815,5,18,18,0 , 2/A,0/B,0/A,0/A,0/B,0/B,0/B,0/E,0/B,0/D,0/D,0/A,0/A,0/E,0/B,0/B,0/C,2/D , 127002134,127440231,126104132,128704312,127920341,126510243,126410423,124934120,128240123,127114203,125442301,127302341,128401423,128343120,125140312,127840312,126224031,126321304
79 , ERROR
